Arguments: 
  /usr/bin/node /usr/local/bin/yarn

PATH: 
  /usr/local/sbin:/usr/local/bin:/usr/sbin:/usr/bin:/sbin:/bin:/usr/games:/usr/local/games:/snap/bin

Yarn version: 
  1.9.2

Node version: 
  8.10.0

Platform: 
  linux x64

Trace: 
  Error: EACCES: permission denied, unlink '/home/brandon/codingbootcamp/react-for-asset-tracking-app/node_modules/fsevents/.travis.yml'

npm manifest: 
  {
    "name": "react-for-asset-tracking-app",
    "version": "1.0.0",
    "description": "",
    "main": "index.js",
    "dependencies": {
      "google-map-react": "^1.0.5",
      "google-maps-react": "^2.0.2",
      "node": "^10.7.0",
      "nodemon": "^1.18.3",
      "react": "^16.4.1",
      "react-dom": "^16.4.1",
      "react-router": "^4.3.1",
      "react-scripts": "^1.1.4",
      "yarn": "^1.9.2"
    },
    "devDependencies": {},
    "scripts": {
      "test": "echo \"Error: no test specified\" && exit 1"
    },
    "repository": {
      "type": "git",
      "url": "git+https://github.com/BDSG-Coding/react-for-asset-tracking-app.git"
    },
    "author": "",
    "license": "ISC",
    "bugs": {
      "url": "https://github.com/BDSG-Coding/react-for-asset-tracking-app/issues"
    },
    "homepage": "https://github.com/BDSG-Coding/react-for-asset-tracking-app#readme"
  }

yarn manifest: 
  No manifest

Lockfile: 
  No lockfile
